------Start of DE processing------ = [28/04/2021 21:47:26:584 BRT]
Exception = org.jboss.weld.exceptions.DeploymentException
Source = com.ibm.ws.container.service.state.internal.ApplicationStateManager
probeid = 54
Stack Dump = org.jboss.weld.exceptions.DeploymentException: WELD-001408: Unsatisfied dependencies for type WorkerService with qualifiers @Default
  at injection point [BackedAnnotatedField] @Inject private com.hscastro.resources.WorkerResource.serviceWorker
  at com.hscastro.resources.WorkerResource.serviceWorker(WorkerResource.java:0)

	at org.jboss.weld.bootstrap.Validator.validateInjectionPointForDeploymentProblems(Validator.java:378)
	at org.jboss.weld.bootstrap.Validator.validateInjectionPoint(Validator.java:290)
	at org.jboss.weld.bootstrap.Validator.validateGeneralBean(Validator.java:143)
	at org.jboss.weld.bootstrap.Validator.validateRIBean(Validator.java:164)
	at org.jboss.weld.bootstrap.Validator.validateBean(Validator.java:526)
	at org.jboss.weld.bootstrap.ConcurrentValidator$1.doWork(ConcurrentValidator.java:64)
	at org.jboss.weld.bootstrap.ConcurrentValidator$1.doWork(ConcurrentValidator.java:62)
	at org.jboss.weld.executor.IterativeWorkerTaskFactory$1.call(IterativeWorkerTaskFactory.java:62)
	at org.jboss.weld.executor.IterativeWorkerTaskFactory$1.call(IterativeWorkerTaskFactory.java:55)
	at java.base/java.util.concurrent.FutureTask.run(FutureTask.java:264)
	at java.base/java.util.concurrent.ThreadPoolExecutor.runWorker(ThreadPoolExecutor.java:1128)
	at java.base/java.util.concurrent.ThreadPoolExecutor$Worker.run(ThreadPoolExecutor.java:628)
	at java.base/java.lang.Thread.run(Thread.java:834)

Dump of callerThis
Object type = com.ibm.ws.container.service.state.internal.ApplicationStateManager
  serialVersionUID = -6685368059484454124
  $$$tc$$$ = class com.ibm.websphere.ras.TraceComponent@701a54d3
    strings[0] = "TraceComponent[com.ibm.ws.container.service.state.internal.ApplicationStateManager,class com.ibm.ws.container.service.state.internal.ApplicationStateManager,[Runtime],null,null]"
  listeners = class com.ibm.wsspi.kernel.service.utils.ConcurrentServiceReferenceSet@214d6c33
    referenceName = "applicationStateListeners"
    contextRef = class java.util.concurrent.atomic.AtomicReference@3d93629b
      serialVersionUID = "/* Could not access serialVersionUID */"
      VALUE = "/* Could not access VALUE */"
      value = "/* Could not access value */"
    elementMap = class java.util.LinkedHashMap@11ed2cbe
      serialVersionUID = "/* Could not access serialVersionUID */"
      head = "/* Could not access head */"
      tail = "/* Could not access tail */"
      accessOrder = "/* Could not access accessOrder */"
      serialVersionUID = "/* Could not access serialVersionUID */"
      DEFAULT_INITIAL_CAPACITY = "/* Could not access DEFAULT_INITIAL_CAPACITY */"
      MAXIMUM_CAPACITY = "/* Could not access MAXIMUM_CAPACITY */"
      DEFAULT_LOAD_FACTOR = "/* Could not access DEFAULT_LOAD_FACTOR */"
      TREEIFY_THRESHOLD = "/* Could not access TREEIFY_THRESHOLD */"
      UNTREEIFY_THRESHOLD = "/* Could not access UNTREEIFY_THRESHOLD */"
      MIN_TREEIFY_CAPACITY = "/* Could not access MIN_TREEIFY_CAPACITY */"
      table = "/* Could not access table */"
      entrySet = "/* Could not access entrySet */"
      size = "/* Could not access size */"
      modCount = "/* Could not access modCount */"
      threshold = "/* Could not access threshold */"
      loadFactor = "/* Could not access loadFactor */"
      keySet = "/* Could not access keySet */"
      values = "/* Could not access values */"
    elementSet = class java.util.concurrent.ConcurrentSkipListSet@15798233
      serialVersionUID = "/* Could not access serialVersionUID */"
      m = "/* Could not access m */"
      MAX_ARRAY_SIZE = "/* Could not access MAX_ARRAY_SIZE */"
    elementSetUnsorted = false
    serialVersionUID = 756240983881166148
    $$$tc$$$ = class com.ibm.websphere.ras.TraceComponent@6a6bdc1
      strings[0] = "TraceComponent[com.ibm.wsspi.kernel.service.utils.ConcurrentServiceReferenceSet,class com.ibm.wsspi.kernel.service.utils.ConcurrentServiceReferenceSet,[kernelUtils],com.ibm.ws.kernel.service.utils.resources.ServiceMessages,null]"
  serialVersionUID = 2284273176985484160
  $$$tc$$$ = class com.ibm.websphere.ras.TraceComponent@2a1dffae
    strings[0] = "TraceComponent[com.ibm.ws.container.service.state.internal.StateChangeManager,class com.ibm.ws.container.service.state.internal.StateChangeManager,[Runtime],null,null]"

Dump of objectArray[0]
Object type = com.ibm.ws.container.service.app.deploy.internal.ApplicationInfoImpl
  appName = "rh-worker"
  appMetaData = class com.ibm.ws.container.service.app.deploy.internal.ApplicationMetaDataImpl@1ce25cc
    j2eeName = class com.ibm.ws.container.service.metadata.internal.J2EENameImpl@7747f287
      serialVersionUID = 7488184044073147667
      application = "rh-worker"
      module = null
      component = null
      string = "rh-worker"
      j2eeNameBytes = null
      $$$tc$$$ = class com.ibm.websphere.ras.TraceComponent@73052b92
    serialVersionUID = -7906531148367236579
    $$$tc$$$ = class com.ibm.websphere.ras.TraceComponent@24a639c8
      strings[0] = "TraceComponent[com.ibm.ws.container.service.app.deploy.internal.ApplicationMetaDataImpl,class com.ibm.ws.container.service.app.deploy.internal.ApplicationMetaDataImpl,[container.service],com.ibm.ws.container.service.resources.Messages,null]"
    tc = class com.ibm.websphere.ras.TraceComponent@38d9ee7b
      strings[0] = "TraceComponent[com.ibm.ws.runtime.metadata.MetaDataImpl,class com.ibm.ws.runtime.metadata.MetaDataImpl,[Runtime],null,null]"
    NUM_STATIC_SLOTS = 4
    ID_UNINITIALIZED = -1
    id = 0
    metaDataInterface = class java.lang.Class@3fd99bb4
      ANNOTATION = "/* Could not access ANNOTATION */"
      ENUM = "/* Could not access ENUM */"
      SYNTHETIC = "/* Could not access SYNTHETIC */"
      cachedConstructor = "/* Could not access cachedConstructor */"
      newInstanceCallerCache = "/* Could not access newInstanceCallerCache */"
      name = "/* Could not access name */"
      module = "/* Could not access module */"
      packageName = "/* Could not access packageName */"
      componentType = "/* Could not access componentType */"
      allPermDomain = "/* Could not access allPermDomain */"
      reflectionData = "/* Could not access reflectionData */"
      classRedefinedCount = "/* Could not access classRedefinedCount */"
      genericInfo = "/* Could not access genericInfo */"
      EMPTY_CLASS_ARRAY = "/* Could not access EMPTY_CLASS_ARRAY */"
      serialVersionUID = "/* Could not access serialVersionUID */"
      serialPersistentFields = "/* Could not access serialPersistentFields */"
      reflectionFactory = "/* Could not access reflectionFactory */"
      enumConstants = "/* Could not access enumConstants */"
      enumConstantDirectory = "/* Could not access enumConstantDirectory */"
      annotationData = "/* Could not access annotationData */"
      annotationType = "/* Could not access annotationType */"
      classValueMap = "/* Could not access classValueMap */"
    staticSlots = class java.lang.Object[4]
      Object[0] = class com.ibm.ws.cdi.impl.weld.WebSphereCDIDeploymentImpl@2ca0a575
      Object[1] = class com.ibm.ws.injectionengine.osgi.internal.OSGiInjectionScopeData@3cbb6e0c
      Object[2] = "rh-worker"
      Object[3] = null
    dynamicSlots = null
  appContainer = class com.ibm.ws.adaptable.module.internal.AdaptableContainerImpl@2afdbf63
    root = class com.ibm.ws.adaptable.module.internal.AdaptableContainerImpl@2afdbf63
    rootOverlay = class com.ibm.ws.artifact.overlay.internal.DirectoryBasedOverlayContainerImpl@1ec52c91
      base = class com.ibm.ws.artifact.loose.internal.LooseArchive@2bf45b80
      maskSet = class java.util.HashSet@6162ba73
      cfHolder = class com.ibm.ws.artifact.overlay.internal.OverlayContainerFactoryImpl@78cec1df
      fileOverlayContainer = class com.ibm.ws.artifact.file.internal.FileContainer@7fb1aa53
      overlayDirectory = class java.io.File@409d1bf4
      cacheDirForOverlay = class java.io.File@493c603c
      overlayNotifier = class com.ibm.ws.artifact.overlay.internal.DirectoryBasedOverlayNotifier@3df9ea4a
      enclosingContainer = null
      entryInEnclosingContainer = null
      nestedOverlays = class java.util.concurrent.ConcurrentHashMap@4fe82c94
      cacheStore = class com.ibm.ws.artifact.overlay.internal.OverlayCache@6702dc26
      parentOverlay = null
      isPassThroughMode = true
      serialVersionUID = -6650153487216279998
      $$$tc$$$ = class com.ibm.websphere.ras.TraceComponent@14b653db
    factoryHolder = class com.ibm.ws.adaptable.module.internal.AdaptableModuleFactoryImpl@2ce160ca
      adapterFactoryService = class com.ibm.ws.adaptable.module.internal.AdapterFactoryServiceImpl@a21538
      containerFactory = class com.ibm.ws.artifact.internal.ArtifactContainerFactoryService@3015fb17
      overlayContainerFactory = class com.ibm.ws.artifact.overlay.internal.OverlayContainerFactoryImpl@78cec1df
      serialVersionUID = 4200251809856292987
      $$$tc$$$ = class com.ibm.websphere.ras.TraceComponent@1e4fb4cc
    delegate = class com.ibm.ws.artifact.overlay.internal.DirectoryBasedOverlayContainerImpl@1ec52c91
    notifier = class com.ibm.ws.adaptable.module.internal.NotifierImpl@114404d9
      root = class com.ibm.ws.adaptable.module.internal.AdaptableContainerImpl@2afdbf63
      delegateNotifier = class com.ibm.ws.artifact.overlay.internal.DirectoryBasedOverlayNotifier@3df9ea4a
      delegateRoot = class com.ibm.ws.artifact.overlay.internal.DirectoryBasedOverlayContainerImpl@1ec52c91
      listenerDelegates = class java.util.HashMap@de30804
      serialVersionUID = 6839382523957017880
      $$$tc$$$ = class com.ibm.websphere.ras.TraceComponent@35dffacc
    serialVersionUID = -5950528200509051684
    $$$tc$$$ = class com.ibm.websphere.ras.TraceComponent@87ab998
      strings[0] = "TraceComponent[com.ibm.ws.adaptable.module.internal.AdaptableContainerImpl,class com.ibm.ws.adaptable.module.internal.AdaptableContainerImpl,[archive.adaptable],null,null]"
  configHelper = class com.ibm.ws.app.manager.module.ApplicationNestedConfigHelper@58ff57dc
    appInfo = class com.ibm.ws.app.manager.internal.ApplicationInstallInfo@7d879108
    serialVersionUID = -3174031738676705046
    $$$tc$$$ = class com.ibm.websphere.ras.TraceComponent@4979a821
      strings[0] = "TraceComponent[com.ibm.ws.app.manager.module.ApplicationNestedConfigHelper,class com.ibm.ws.app.manager.module.ApplicationNestedConfigHelper,[applications, app.manager],null,null]"
  applicationInformation = class com.ibm.ws.app.manager.internal.ApplicationInstallInfo@7d879108
    _config = class com.ibm.ws.app.manager.internal.ApplicationConfig@110b5e91
      tc = class com.ibm.websphere.ras.TraceComponent@65f81bf1
      _configPid = "com.ibm.ws.app.manager_6"
      _config = class com.ibm.ws.config.admin.ConfigurationDictionary@38e7199f
      _applicationManager = class com.ibm.ws.app.manager.ApplicationManager@1bc1b082
      _location = "rh-worker.war"
      _type = "war"
      _name = "rh-worker"
      _notificationBroadcasterSupport = class javax.management.NotificationBroadcasterSupport@1c05f09c
      ONE_TIME_JANDEX_MSGS_DISPLAYED = true
      serialVersionUID = -2151423388299667431
    _handlerInfo = class java.util.concurrent.atomic.AtomicReference@266e2b9d
      serialVersionUID = "/* Could not access serialVersionUID */"
      VALUE = "/* Could not access VALUE */"
      value = "/* Could not access value */"
    _container = class java.util.concurrent.atomic.AtomicReference@12ef8aa
      serialVersionUID = "/* Could not access serialVersionUID */"
      VALUE = "/* Could not access VALUE */"
      value = "/* Could not access value */"
    _resolvedLocation = class java.util.concurrent.atomic.AtomicReference@307d469a
      serialVersionUID = "/* Could not access serialVersionUID */"
      VALUE = "/* Could not access VALUE */"
      value = "/* Could not access value */"
    _handler = class com.ibm.ws.app.manager.war.internal.WARApplicationHandlerImpl@7bc979d2
      futureMonitor = class com.ibm.ws.threading.internal.FutureMonitorImpl@302d5110
      deployedAppFactory = class com.ibm.ws.app.manager.war.internal.WARDeployedAppInfoFactoryImpl@dc8d3c3
      serialVersionUID = 4622845147410944782
      $$$tc$$$ = class com.ibm.websphere.ras.TraceComponent@29296f53
    _ami = class java.util.concurrent.atomic.AtomicReference@2cac97f5
      serialVersionUID = "/* Could not access serialVersionUID */"
      VALUE = "/* Could not access VALUE */"
      value = "/* Could not access value */"
    _updateHandler = class com.ibm.ws.app.manager.internal.statemachine.ApplicationStateMachineImpl@5ab1c162
      _tc = class com.ibm.websphere.ras.TraceComponent@44e0fe68
      EMPTY_FUTURE_ARRAY = interface java.util.concurrent.Future[0]
      asmSequenceNumber = class java.util.concurrent.atomic.AtomicLong@2369f7cf
      _qscaCounter = class java.util.concurrent.atomic.AtomicInteger@2da71a44
      _failedThrowable = null
      _interruptibleLock = class com.ibm.ws.app.manager.internal.statemachine.ApplicationStateMachineImpl$2@4858988
      _interruptible = false
      _performingQueuedActions = true
      _queuedActions = class java.util.concurrent.ConcurrentLinkedQueue@f12183f
      _callbackState = class java.util.concurrent.atomic.AtomicReference@1af246a3
      blockAppStartingFutures = class java.util.Collections$SetFromMap@321345bc
      waitingForAppHandlerFuture = class java.util.concurrent.atomic.AtomicReference@1b739678
      waitingForExplicitStartFuture = class java.util.concurrent.atomic.AtomicReference@4bfa6c9
      startAfterFutures = class java.util.Collections$SetFromMap@cf03fa3
      completionListener = class java.util.concurrent.atomic.AtomicReference@2466b524
      _notifyAppStopped = class java.util.concurrent.ConcurrentLinkedQueue@23212786
      _notifyAppStarting = class java.util.concurrent.ConcurrentLinkedQueue@5a5154c5
      _notifyAppInstallCalled = class java.util.concurrent.ConcurrentLinkedQueue@5751750b
      _notifyAppStarted = class java.util.concurrent.ConcurrentLinkedQueue@468f2550
      _notifyAppRemoved = class java.util.concurrent.ConcurrentLinkedQueue@6c382710
      _stateLock = class com.ibm.ws.app.manager.internal.statemachine.ApplicationStateMachineImpl$3@3c1fb12e
      _internalState = class java.util.concurrent.atomic.AtomicReference@603a628b
      _currentAction = class java.util.concurrent.atomic.AtomicReference@5fa07e79
      _rfa = class java.util.concurrent.atomic.AtomicReference@728dc23a
      _appInstallInfo = class java.util.concurrent.atomic.AtomicReference@33da8b84
      _update = class java.util.concurrent.atomic.AtomicBoolean@c7994e
      _appConfig = class java.util.concurrent.atomic.AtomicReference@5c487c99
      _nextAppConfig = class java.util.concurrent.atomic.AtomicReference@4048e938
      _appContainer = class java.util.concurrent.atomic.AtomicReference@2729cc1e
      _resolvedLocation = class java.util.concurrent.atomic.AtomicReference@1b183c5c
      _handler = class java.util.concurrent.atomic.AtomicReference@42b3712
      _asmSeqNo = 0
      _ctx = class org.eclipse.osgi.internal.framework.BundleContextImpl@772fc1aa
      _locAdmin = class com.ibm.ws.kernel.service.location.internal.WsLocationAdminImpl@6a8d6ac1
      _futureMonitor = class com.ibm.ws.threading.internal.FutureMonitorImpl@302d5110
      _artifactFactory = class com.ibm.ws.artifact.internal.ArtifactContainerFactoryService@3015fb17
      _moduleFactory = class com.ibm.ws.adaptable.module.internal.AdaptableModuleFactoryImpl@2ce160ca
      _executorService = class com.ibm.ws.threading.internal.ExecutorServiceImpl@6de373a0
      _scheduledExecutorService = class com.ibm.ws.threading.internal.ScheduledExecutorImpl@65990b5
      _asmHelper = class com.ibm.ws.app.manager.internal.ApplicationConfigurator$NamedApplication@2c68baab
      _appMonitor = class com.ibm.ws.app.manager.internal.monitor.ApplicationMonitor@70339dd
      enterStateCalled = class java.util.concurrent.atomic.AtomicBoolean@5d7c4dfc
      serialVersionUID = 7990273947104993494
      serialVersionUID = 300267208965883056
      $$$tc$$$ = class com.ibm.websphere.ras.TraceComponent@7329753e
    serialVersionUID = 2630639237123415755
    $$$tc$$$ = class com.ibm.websphere.ras.TraceComponent@300e5ac2
      strings[0] = "TraceComponent[com.ibm.ws.app.manager.internal.ApplicationInstallInfo,class com.ibm.ws.app.manager.internal.ApplicationInstallInfo,[applications, app.manager],com.ibm.ws.app.manager.internal.resources.AppManagerMessages,null]"
  serialVersionUID = 5227817860647895780
  $$$tc$$$ = class com.ibm.websphere.ras.TraceComponent@7489b8ae
    strings[0] = "TraceComponent[com.ibm.ws.container.service.app.deploy.internal.ApplicationInfoImpl,class com.ibm.ws.container.service.app.deploy.internal.ApplicationInfoImpl,[container.service],com.ibm.ws.container.service.resources.Messages,null]"

