------Start of DE processing------ = [28/04/2021 22:48:32:968 BRT]
Exception = com.ibm.ws.container.service.state.StateChangeException
Source = com.ibm.ws.container.service.state.internal.ApplicationStateManager
probeid = 52
Stack Dump = com.ibm.ws.container.service.state.StateChangeException: com.ibm.ws.cdi.CDIException: com.ibm.wsspi.injectionengine.InjectionException: java.lang.NullPointerException
	at com.ibm.ws.cdi.liberty.CDIRuntimeImpl.applicationStarting(CDIRuntimeImpl.java:484)
	at com.ibm.ws.container.service.state.internal.ApplicationStateManager.fireStarting(ApplicationStateManager.java:51)
	at com.ibm.ws.container.service.state.internal.StateChangeServiceImpl.fireApplicationStarting(StateChangeServiceImpl.java:50)
	at com.ibm.ws.app.manager.module.internal.SimpleDeployedAppInfoBase.preDeployApp(SimpleDeployedAppInfoBase.java:547)
	at com.ibm.ws.app.manager.module.internal.SimpleDeployedAppInfoBase.installApp(SimpleDeployedAppInfoBase.java:508)
	at com.ibm.ws.app.manager.module.internal.DeployedAppInfoBase.deployApp(DeployedAppInfoBase.java:349)
	at com.ibm.ws.app.manager.war.internal.WARApplicationHandlerImpl.install(WARApplicationHandlerImpl.java:65)
	at com.ibm.ws.app.manager.internal.statemachine.StartAction.execute(StartAction.java:149)
	at com.ibm.ws.app.manager.internal.statemachine.ApplicationStateMachineImpl.enterState(ApplicationStateMachineImpl.java:1352)
	at com.ibm.ws.app.manager.internal.statemachine.ApplicationStateMachineImpl.run(ApplicationStateMachineImpl.java:897)
	at com.ibm.ws.threading.internal.ExecutorServiceImpl$RunnableWrapper.run(ExecutorServiceImpl.java:238)
	at java.base/java.util.concurrent.ThreadPoolExecutor.runWorker(ThreadPoolExecutor.java:1128)
	at java.base/java.util.concurrent.ThreadPoolExecutor$Worker.run(ThreadPoolExecutor.java:628)
	at java.base/java.lang.Thread.run(Thread.java:834)
Caused by: com.ibm.ws.cdi.CDIException: com.ibm.wsspi.injectionengine.InjectionException: java.lang.NullPointerException
	at com.ibm.ws.cdi.impl.weld.WebSphereCDIDeploymentImpl.initializeInjectionServices(WebSphereCDIDeploymentImpl.java:672)
	at com.ibm.ws.cdi.impl.CDIContainerImpl.startInitialization(CDIContainerImpl.java:142)
	at com.ibm.ws.cdi.liberty.CDIRuntimeImpl.applicationStarting(CDIRuntimeImpl.java:479)
	... 13 more
Caused by: com.ibm.wsspi.injectionengine.InjectionException: java.lang.NullPointerException
	at com.ibm.wsspi.injectionengine.InjectionBinding.createDefinitionReference(InjectionBinding.java:1241)
	at com.ibm.ws.injectionengine.processor.DataSourceDefinitionInjectionBinding.resolve(DataSourceDefinitionInjectionBinding.java:506)
	at com.ibm.ws.injectionengine.processor.DataSourceDefinitionProcessor.resolve(DataSourceDefinitionProcessor.java:79)
	at com.ibm.wsspi.injectionengine.InjectionProcessor.resolveInjectionBindings(InjectionProcessor.java:631)
	at com.ibm.wsspi.injectionengine.InjectionProcessorContextImpl.processBindings(InjectionProcessorContextImpl.java:59)
	at com.ibm.ws.injectionengine.InjectionProcessorManager.processBindings(InjectionProcessorManager.java:510)
	at com.ibm.ws.injectionengine.AbstractInjectionEngine.processInjectionMetaData(AbstractInjectionEngine.java:484)
	at com.ibm.ws.injectionengine.osgi.internal.OSGiInjectionEngineImpl.processInjectionMetaData(OSGiInjectionEngineImpl.java:238)
	at com.ibm.ws.injectionengine.ReferenceContextImpl.processImpl(ReferenceContextImpl.java:588)
	at com.ibm.ws.injectionengine.ReferenceContextImpl.process(ReferenceContextImpl.java:287)
	at com.ibm.ws.injectionengine.osgi.internal.OSGiReferenceContextImpl.process(OSGiReferenceContextImpl.java:30)
	at com.ibm.ws.cdi.impl.weld.WebSphereCDIDeploymentImpl.initializeInjectionServices(WebSphereCDIDeploymentImpl.java:670)
	... 15 more
Caused by: java.lang.NullPointerException
	at com.ibm.ws.injectionengine.osgi.internal.OSGiInjectionEngineImpl.getResourceFactoryBuilder(OSGiInjectionEngineImpl.java:578)
	at com.ibm.ws.injectionengine.osgi.internal.OSGiInjectionEngineImpl.createDefinitionResourceFactoryReference(OSGiInjectionEngineImpl.java:596)
	at com.ibm.ws.injectionengine.osgi.internal.OSGiInjectionEngineImpl.createDefinitionReference(OSGiInjectionEngineImpl.java:541)
	at com.ibm.wsspi.injectionengine.InjectionBinding.createDefinitionReference(InjectionBinding.java:1237)
	... 26 more

Dump of callerThis
Object type = com.ibm.ws.container.service.state.internal.ApplicationStateManager
  serialVersionUID = -6685368059484454124
  $$$tc$$$ = class com.ibm.websphere.ras.TraceComponent@7075b6f0
    strings[0] = "TraceComponent[com.ibm.ws.container.service.state.internal.ApplicationStateManager,class com.ibm.ws.container.service.state.internal.ApplicationStateManager,[Runtime],null,null]"
  listeners = class com.ibm.wsspi.kernel.service.utils.ConcurrentServiceReferenceSet@7870943a
    referenceName = "applicationStateListeners"
    contextRef = class java.util.concurrent.atomic.AtomicReference@26da240b
      serialVersionUID = "/* Could not access serialVersionUID */"
      VALUE = "/* Could not access VALUE */"
      value = "/* Could not access value */"
    elementMap = class java.util.LinkedHashMap@707478ae
      serialVersionUID = "/* Could not access serialVersionUID */"
      head = "/* Could not access head */"
      tail = "/* Could not access tail */"
      accessOrder = "/* Could not access accessOrder */"
      serialVersionUID = "/* Could not access serialVersionUID */"
      DEFAULT_INITIAL_CAPACITY = "/* Could not access DEFAULT_INITIAL_CAPACITY */"
      MAXIMUM_CAPACITY = "/* Could not access MAXIMUM_CAPACITY */"
      DEFAULT_LOAD_FACTOR = "/* Could not access DEFAULT_LOAD_FACTOR */"
      TREEIFY_THRESHOLD = "/* Could not access TREEIFY_THRESHOLD */"
      UNTREEIFY_THRESHOLD = "/* Could not access UNTREEIFY_THRESHOLD */"
      MIN_TREEIFY_CAPACITY = "/* Could not access MIN_TREEIFY_CAPACITY */"
      table = "/* Could not access table */"
      entrySet = "/* Could not access entrySet */"
      size = "/* Could not access size */"
      modCount = "/* Could not access modCount */"
      threshold = "/* Could not access threshold */"
      loadFactor = "/* Could not access loadFactor */"
      keySet = "/* Could not access keySet */"
      values = "/* Could not access values */"
    elementSet = class java.util.concurrent.ConcurrentSkipListSet@9f4f244
      serialVersionUID = "/* Could not access serialVersionUID */"
      m = "/* Could not access m */"
      MAX_ARRAY_SIZE = "/* Could not access MAX_ARRAY_SIZE */"
    elementSetUnsorted = false
    serialVersionUID = 756240983881166148
    $$$tc$$$ = class com.ibm.websphere.ras.TraceComponent@4682aa28
      strings[0] = "TraceComponent[com.ibm.wsspi.kernel.service.utils.ConcurrentServiceReferenceSet,class com.ibm.wsspi.kernel.service.utils.ConcurrentServiceReferenceSet,[kernelUtils],com.ibm.ws.kernel.service.utils.resources.ServiceMessages,null]"
  serialVersionUID = 2284273176985484160
  $$$tc$$$ = class com.ibm.websphere.ras.TraceComponent@2d6d3c42
    strings[0] = "TraceComponent[com.ibm.ws.container.service.state.internal.StateChangeManager,class com.ibm.ws.container.service.state.internal.StateChangeManager,[Runtime],null,null]"

Dump of objectArray[0]
Object type = com.ibm.ws.container.service.app.deploy.internal.ApplicationInfoImpl
  appName = "rh-worker"
  appMetaData = class com.ibm.ws.container.service.app.deploy.internal.ApplicationMetaDataImpl@247800bd
    j2eeName = class com.ibm.ws.container.service.metadata.internal.J2EENameImpl@2d70e446
      serialVersionUID = 7488184044073147667
      application = "rh-worker"
      module = null
      component = null
      string = "rh-worker"
      j2eeNameBytes = null
      $$$tc$$$ = class com.ibm.websphere.ras.TraceComponent@5af7fa9a
    serialVersionUID = -7906531148367236579
    $$$tc$$$ = class com.ibm.websphere.ras.TraceComponent@a09f524
      strings[0] = "TraceComponent[com.ibm.ws.container.service.app.deploy.internal.ApplicationMetaDataImpl,class com.ibm.ws.container.service.app.deploy.internal.ApplicationMetaDataImpl,[container.service],com.ibm.ws.container.service.resources.Messages,null]"
    tc = class com.ibm.websphere.ras.TraceComponent@5f26ca43
      strings[0] = "TraceComponent[com.ibm.ws.runtime.metadata.MetaDataImpl,class com.ibm.ws.runtime.metadata.MetaDataImpl,[Runtime],null,null]"
    NUM_STATIC_SLOTS = 4
    ID_UNINITIALIZED = -1
    id = 0
    metaDataInterface = class java.lang.Class@5cf55adc
      ANNOTATION = "/* Could not access ANNOTATION */"
      ENUM = "/* Could not access ENUM */"
      SYNTHETIC = "/* Could not access SYNTHETIC */"
      cachedConstructor = "/* Could not access cachedConstructor */"
      newInstanceCallerCache = "/* Could not access newInstanceCallerCache */"
      name = "/* Could not access name */"
      module = "/* Could not access module */"
      packageName = "/* Could not access packageName */"
      componentType = "/* Could not access componentType */"
      allPermDomain = "/* Could not access allPermDomain */"
      reflectionData = "/* Could not access reflectionData */"
      classRedefinedCount = "/* Could not access classRedefinedCount */"
      genericInfo = "/* Could not access genericInfo */"
      EMPTY_CLASS_ARRAY = "/* Could not access EMPTY_CLASS_ARRAY */"
      serialVersionUID = "/* Could not access serialVersionUID */"
      serialPersistentFields = "/* Could not access serialPersistentFields */"
      reflectionFactory = "/* Could not access reflectionFactory */"
      enumConstants = "/* Could not access enumConstants */"
      enumConstantDirectory = "/* Could not access enumConstantDirectory */"
      annotationData = "/* Could not access annotationData */"
      annotationType = "/* Could not access annotationType */"
      classValueMap = "/* Could not access classValueMap */"
    staticSlots = class java.lang.Object[4]
      Object[0] = class com.ibm.ws.cdi.impl.weld.WebSphereCDIDeploymentImpl@2863e6c1
      Object[1] = class com.ibm.ws.injectionengine.osgi.internal.OSGiInjectionScopeData@76d316df
      Object[2] = "rh-worker"
      Object[3] = null
    dynamicSlots = null
  appContainer = class com.ibm.ws.adaptable.module.internal.AdaptableContainerImpl@4b24b283
    root = class com.ibm.ws.adaptable.module.internal.AdaptableContainerImpl@4b24b283
    rootOverlay = class com.ibm.ws.artifact.overlay.internal.DirectoryBasedOverlayContainerImpl@19983581
      base = class com.ibm.ws.artifact.loose.internal.LooseArchive@230a80bd
      maskSet = class java.util.HashSet@62a96eb5
      cfHolder = class com.ibm.ws.artifact.overlay.internal.OverlayContainerFactoryImpl@264d90cd
      fileOverlayContainer = class com.ibm.ws.artifact.file.internal.FileContainer@6318f64a
      overlayDirectory = class java.io.File@14608dfc
      cacheDirForOverlay = class java.io.File@3d958503
      overlayNotifier = class com.ibm.ws.artifact.overlay.internal.DirectoryBasedOverlayNotifier@7d772aff
      enclosingContainer = null
      entryInEnclosingContainer = null
      nestedOverlays = class java.util.concurrent.ConcurrentHashMap@7794a184
      cacheStore = class com.ibm.ws.artifact.overlay.internal.OverlayCache@531aa39a
      parentOverlay = null
      isPassThroughMode = true
      serialVersionUID = -6650153487216279998
      $$$tc$$$ = class com.ibm.websphere.ras.TraceComponent@686a8d71
    factoryHolder = class com.ibm.ws.adaptable.module.internal.AdaptableModuleFactoryImpl@3e48b1d5
      adapterFactoryService = class com.ibm.ws.adaptable.module.internal.AdapterFactoryServiceImpl@4385cb68
      containerFactory = class com.ibm.ws.artifact.internal.ArtifactContainerFactoryService@6f686c2e
      overlayContainerFactory = class com.ibm.ws.artifact.overlay.internal.OverlayContainerFactoryImpl@264d90cd
      serialVersionUID = 4200251809856292987
      $$$tc$$$ = class com.ibm.websphere.ras.TraceComponent@3bfd9220
    delegate = class com.ibm.ws.artifact.overlay.internal.DirectoryBasedOverlayContainerImpl@19983581
    notifier = class com.ibm.ws.adaptable.module.internal.NotifierImpl@2b8ba89e
      root = class com.ibm.ws.adaptable.module.internal.AdaptableContainerImpl@4b24b283
      delegateNotifier = class com.ibm.ws.artifact.overlay.internal.DirectoryBasedOverlayNotifier@7d772aff
      delegateRoot = class com.ibm.ws.artifact.overlay.internal.DirectoryBasedOverlayContainerImpl@19983581
      listenerDelegates = class java.util.HashMap@4d01022c
      serialVersionUID = 6839382523957017880
      $$$tc$$$ = class com.ibm.websphere.ras.TraceComponent@7cc32ba5
    serialVersionUID = -5950528200509051684
    $$$tc$$$ = class com.ibm.websphere.ras.TraceComponent@c58c1e8
      strings[0] = "TraceComponent[com.ibm.ws.adaptable.module.internal.AdaptableContainerImpl,class com.ibm.ws.adaptable.module.internal.AdaptableContainerImpl,[archive.adaptable],null,null]"
  configHelper = class com.ibm.ws.app.manager.module.ApplicationNestedConfigHelper@ba797cf
    appInfo = class com.ibm.ws.app.manager.internal.ApplicationInstallInfo@774366fb
    serialVersionUID = -3174031738676705046
    $$$tc$$$ = class com.ibm.websphere.ras.TraceComponent@15a53c21
      strings[0] = "TraceComponent[com.ibm.ws.app.manager.module.ApplicationNestedConfigHelper,class com.ibm.ws.app.manager.module.ApplicationNestedConfigHelper,[applications, app.manager],null,null]"
  applicationInformation = class com.ibm.ws.app.manager.internal.ApplicationInstallInfo@774366fb
    _config = class com.ibm.ws.app.manager.internal.ApplicationConfig@507536f7
      tc = class com.ibm.websphere.ras.TraceComponent@73ea909b
      _configPid = "com.ibm.ws.app.manager_11"
      _config = class com.ibm.ws.config.admin.ConfigurationDictionary@21102452
      _applicationManager = class com.ibm.ws.app.manager.ApplicationManager@507e03f8
      _location = "rh-worker.war"
      _type = "war"
      _name = "rh-worker"
      _notificationBroadcasterSupport = class javax.management.NotificationBroadcasterSupport@4cc140f0
      ONE_TIME_JANDEX_MSGS_DISPLAYED = true
      serialVersionUID = -2151423388299667431
    _handlerInfo = class java.util.concurrent.atomic.AtomicReference@149c7d4f
      serialVersionUID = "/* Could not access serialVersionUID */"
      VALUE = "/* Could not access VALUE */"
      value = "/* Could not access value */"
    _container = class java.util.concurrent.atomic.AtomicReference@6fa1b010
      serialVersionUID = "/* Could not access serialVersionUID */"
      VALUE = "/* Could not access VALUE */"
      value = "/* Could not access value */"
    _resolvedLocation = class java.util.concurrent.atomic.AtomicReference@19982a22
      serialVersionUID = "/* Could not access serialVersionUID */"
      VALUE = "/* Could not access VALUE */"
      value = "/* Could not access value */"
    _handler = class com.ibm.ws.app.manager.war.internal.WARApplicationHandlerImpl@60a37568
      futureMonitor = class com.ibm.ws.threading.internal.FutureMonitorImpl@6c55e3f5
      deployedAppFactory = class com.ibm.ws.app.manager.war.internal.WARDeployedAppInfoFactoryImpl@49e10061
      serialVersionUID = 4622845147410944782
      $$$tc$$$ = class com.ibm.websphere.ras.TraceComponent@65a8465d
    _ami = class java.util.concurrent.atomic.AtomicReference@17a20a36
      serialVersionUID = "/* Could not access serialVersionUID */"
      VALUE = "/* Could not access VALUE */"
      value = "/* Could not access value */"
    _updateHandler = class com.ibm.ws.app.manager.internal.statemachine.ApplicationStateMachineImpl@75e119e2
      _tc = class com.ibm.websphere.ras.TraceComponent@37c10b71
      EMPTY_FUTURE_ARRAY = interface java.util.concurrent.Future[0]
      asmSequenceNumber = class java.util.concurrent.atomic.AtomicLong@7df9a2fe
      _qscaCounter = class java.util.concurrent.atomic.AtomicInteger@5d6b2ba7
      _failedThrowable = null
      _interruptibleLock = class com.ibm.ws.app.manager.internal.statemachine.ApplicationStateMachineImpl$2@7d2a9231
      _interruptible = false
      _performingQueuedActions = true
      _queuedActions = class java.util.concurrent.ConcurrentLinkedQueue@3b2a8ba4
      _callbackState = class java.util.concurrent.atomic.AtomicReference@b74306d
      blockAppStartingFutures = class java.util.Collections$SetFromMap@fc604b7
      waitingForAppHandlerFuture = class java.util.concurrent.atomic.AtomicReference@26d4a464
      waitingForExplicitStartFuture = class java.util.concurrent.atomic.AtomicReference@49cc6cb1
      startAfterFutures = class java.util.Collections$SetFromMap@6311dabd
      completionListener = class java.util.concurrent.atomic.AtomicReference@5ccd99d4
      _notifyAppStopped = class java.util.concurrent.ConcurrentLinkedQueue@5f39f1ad
      _notifyAppStarting = class java.util.concurrent.ConcurrentLinkedQueue@753aa71f
      _notifyAppInstallCalled = class java.util.concurrent.ConcurrentLinkedQueue@18935f37
      _notifyAppStarted = class java.util.concurrent.ConcurrentLinkedQueue@282066c8
      _notifyAppRemoved = class java.util.concurrent.ConcurrentLinkedQueue@38845ef8
      _stateLock = class com.ibm.ws.app.manager.internal.statemachine.ApplicationStateMachineImpl$3@182614a8
      _internalState = class java.util.concurrent.atomic.AtomicReference@1ace9a7c
      _currentAction = class java.util.concurrent.atomic.AtomicReference@3173b9cb
      _rfa = class java.util.concurrent.atomic.AtomicReference@2b9a5283
      _appInstallInfo = class java.util.concurrent.atomic.AtomicReference@331900c
      _update = class java.util.concurrent.atomic.AtomicBoolean@6dc2e76c
      _appConfig = class java.util.concurrent.atomic.AtomicReference@41d3b6fe
      _nextAppConfig = class java.util.concurrent.atomic.AtomicReference@38a4ea0d
      _appContainer = class java.util.concurrent.atomic.AtomicReference@371abce5
      _resolvedLocation = class java.util.concurrent.atomic.AtomicReference@4d99d4ed
      _handler = class java.util.concurrent.atomic.AtomicReference@11a1efe6
      _asmSeqNo = 0
      _ctx = class org.eclipse.osgi.internal.framework.BundleContextImpl@674fdc7c
      _locAdmin = class com.ibm.ws.kernel.service.location.internal.WsLocationAdminImpl@eca8b5d
      _futureMonitor = class com.ibm.ws.threading.internal.FutureMonitorImpl@6c55e3f5
      _artifactFactory = class com.ibm.ws.artifact.internal.ArtifactContainerFactoryService@6f686c2e
      _moduleFactory = class com.ibm.ws.adaptable.module.internal.AdaptableModuleFactoryImpl@3e48b1d5
      _executorService = class com.ibm.ws.threading.internal.ExecutorServiceImpl@712860fa
      _scheduledExecutorService = class com.ibm.ws.threading.internal.ScheduledExecutorImpl@2be28de1
      _asmHelper = class com.ibm.ws.app.manager.internal.ApplicationConfigurator$NamedApplication@3fc35699
      _appMonitor = class com.ibm.ws.app.manager.internal.monitor.ApplicationMonitor@686b9923
      enterStateCalled = class java.util.concurrent.atomic.AtomicBoolean@444e811c
      serialVersionUID = 7990273947104993494
      serialVersionUID = 300267208965883056
      $$$tc$$$ = class com.ibm.websphere.ras.TraceComponent@25d1deb3
    serialVersionUID = 2630639237123415755
    $$$tc$$$ = class com.ibm.websphere.ras.TraceComponent@4b955e65
      strings[0] = "TraceComponent[com.ibm.ws.app.manager.internal.ApplicationInstallInfo,class com.ibm.ws.app.manager.internal.ApplicationInstallInfo,[applications, app.manager],com.ibm.ws.app.manager.internal.resources.AppManagerMessages,null]"
  serialVersionUID = 5227817860647895780
  $$$tc$$$ = class com.ibm.websphere.ras.TraceComponent@c43ba27
    strings[0] = "TraceComponent[com.ibm.ws.container.service.app.deploy.internal.ApplicationInfoImpl,class com.ibm.ws.container.service.app.deploy.internal.ApplicationInfoImpl,[container.service],com.ibm.ws.container.service.resources.Messages,null]"

