------Start of DE processing------ = [29/04/2021 09:32:24:050 BRT]
Exception = java.lang.NoClassDefFoundError
Source = com.ibm.ws.injectionengine.InjectionProcessorManager.getAllDeclaredFields
probeid = 249
Stack Dump = java.lang.NoClassDefFoundError: Ljavax/persistence/EntityManager;
	at java.base/java.lang.Class.getDeclaredFields0(Native Method)
	at java.base/java.lang.Class.privateGetDeclaredFields(Class.java:3061)
	at java.base/java.lang.Class.getDeclaredFields(Class.java:2248)
	at com.ibm.ws.injectionengine.InjectionProcessorManager.getAllDeclaredFields(InjectionProcessorManager.java:390)
	at com.ibm.ws.injectionengine.InjectionProcessorManager.processAnnotations(InjectionProcessorManager.java:215)
	at com.ibm.ws.injectionengine.AbstractInjectionEngine.processInjectionMetaData(AbstractInjectionEngine.java:480)
	at com.ibm.ws.injectionengine.osgi.internal.OSGiInjectionEngineImpl.processInjectionMetaData(OSGiInjectionEngineImpl.java:238)
	at com.ibm.ws.injectionengine.ReferenceContextImpl.processImpl(ReferenceContextImpl.java:588)
	at com.ibm.ws.injectionengine.ReferenceContextImpl.process(ReferenceContextImpl.java:287)
	at com.ibm.ws.injectionengine.osgi.internal.OSGiReferenceContextImpl.process(OSGiReferenceContextImpl.java:30)
	at com.ibm.ws.cdi.impl.weld.WebSphereCDIDeploymentImpl.initializeInjectionServices(WebSphereCDIDeploymentImpl.java:670)
	at com.ibm.ws.cdi.impl.CDIContainerImpl.startInitialization(CDIContainerImpl.java:142)
	at com.ibm.ws.cdi.liberty.CDIRuntimeImpl.applicationStarting(CDIRuntimeImpl.java:479)
	at com.ibm.ws.container.service.state.internal.ApplicationStateManager.fireStarting(ApplicationStateManager.java:51)
	at com.ibm.ws.container.service.state.internal.StateChangeServiceImpl.fireApplicationStarting(StateChangeServiceImpl.java:50)
	at com.ibm.ws.app.manager.module.internal.SimpleDeployedAppInfoBase.preDeployApp(SimpleDeployedAppInfoBase.java:547)
	at com.ibm.ws.app.manager.module.internal.SimpleDeployedAppInfoBase.installApp(SimpleDeployedAppInfoBase.java:508)
	at com.ibm.ws.app.manager.module.internal.DeployedAppInfoBase.deployApp(DeployedAppInfoBase.java:349)
	at com.ibm.ws.app.manager.war.internal.WARApplicationHandlerImpl.install(WARApplicationHandlerImpl.java:65)
	at com.ibm.ws.app.manager.internal.statemachine.StartAction.execute(StartAction.java:149)
	at com.ibm.ws.app.manager.internal.statemachine.ApplicationStateMachineImpl.enterState(ApplicationStateMachineImpl.java:1352)
	at com.ibm.ws.app.manager.internal.statemachine.ApplicationStateMachineImpl.run(ApplicationStateMachineImpl.java:897)
	at com.ibm.ws.threading.internal.ExecutorServiceImpl$RunnableWrapper.run(ExecutorServiceImpl.java:238)
	at java.base/java.util.concurrent.ThreadPoolExecutor.runWorker(ThreadPoolExecutor.java:1128)
	at java.base/java.util.concurrent.ThreadPoolExecutor$Worker.run(ThreadPoolExecutor.java:628)
	at java.base/java.lang.Thread.run(Thread.java:834)
Caused by: java.lang.ClassNotFoundException: javax.persistence.EntityManager
	at com.ibm.ws.classloading.internal.AppClassLoader.findClassCommonLibraryClassLoaders(AppClassLoader.java:569)
	at com.ibm.ws.classloading.internal.AppClassLoader.findClass(AppClassLoader.java:291)
	at java.base/java.lang.ClassLoader.loadClass(ClassLoader.java:589)
	at com.ibm.ws.classloading.internal.AppClassLoader.findOrDelegateLoadClass(AppClassLoader.java:547)
	at com.ibm.ws.classloading.internal.AppClassLoader.loadClass(AppClassLoader.java:505)
	at java.base/java.lang.ClassLoader.loadClass(ClassLoader.java:522)
	... 26 more

Dump of callerThis
null
==> Performing default dump from com.ibm.ws.injectionengine.ffdc.InjectionDiagnosticModule  = Thu Apr 29 09:32:24 BRT 2021
 = *** Start InjectionDiagnosticModule Dump ***
 = > InjectionDiagnosticModule: dump Object array : 2
 = 
 =    Non-Formattable :
 =       > java.lang.Class@190a9b7c
 =            class com.hscastro.services.WorkerServiceImpl
 =       > java.lang.Class@190a9b7c
 =            class com.hscastro.services.WorkerServiceImpl
 = < InjectionDiagnosticModule: dump Object array complete
 = 
 = *** Start InjectionEngine Dump    ---> com.ibm.ws.injectionengine.osgi.internal.OSGiInjectionEngineImpl@332220fe
 = 
 =    Default Factories : 
 =       Indirect    = com.ibm.ws.injectionengine.osgi.internal.IndirectJndiLookupReferenceFactoryImpl@c98cd41
 =       ResIndirect = com.ibm.ws.injectionengine.osgi.internal.IndirectJndiLookupReferenceFactoryImpl@79108da8
 =       ResRef      = com.ibm.ws.injectionengine.osgi.internal.ResRefReferenceFactoryImpl@27f66e49
 =       ResAuto     = com.ibm.ws.injectionengine.osgi.internal.ResAutoLinkReferenceFactoryImpl@5718f99
 =       EJBLink     = com.ibm.ws.injectionengine.osgi.internal.EJBLinkReferenceFactoryImpl@4fc9b8b3
 =       MBLink      = com.ibm.ws.injectionengine.factory.MBLinkReferenceFactoryImpl@3249012f
 = 
 =    Actual Factories : 
 =       com.ibm.ws.injectionengine.factory.MBLinkReferenceFactoryImpl@3249012f
 = 
 =    Registered Processors : 
 =       javax.ws.rs.MatrixParam : com.ibm.ws.jaxrs20.component.injection.MatrixParamProcessorProvider@26d9b509
 =       javax.ws.rs.BeanParam : com.ibm.ws.jaxrs20.component.injection.BeanParamProcessProvider@2f5deb0c
 =       javax.ws.rs.PathParam : com.ibm.ws.jaxrs20.component.injection.PathParamProcessorProvider@2d53c274
 =       javax.ws.rs.CookieParam : com.ibm.ws.jaxrs20.component.injection.CookieParamProcessorProvider@57e9fe88
 =       javax.inject.Inject : com.ibm.ws.cdi.impl.inject.InjectProcessorProvider@3cf36881
 =       javax.annotation.Resource : com.ibm.ws.injectionengine.processor.ResourceProcessorProvider@7c36f198
 =       javax.annotation.sql.DataSourceDefinition : com.ibm.ws.injectionengine.processor.DataSourceDefinitionProcessorProvider@4fc5dc08
 =       javax.ws.rs.HeaderParam : com.ibm.ws.jaxrs20.component.injection.HeaderParamProcessorProvider@574066c6
 =       javax.ws.rs.QueryParam : com.ibm.ws.jaxrs20.component.injection.QueryParamProcessorProvider@70d0bbcf
 =       javax.ws.rs.core.Context : com.ibm.ws.jaxrs20.component.injection.ContextProcessorProvider@3ba13e7c
 = 
 =    Registered Object Factories : 
 = 
 =    Registered No-Override Object Factories : 
 =       javax.annotation.Resource
 =          com.ibm.wsspi.uow.UOWManager : com.ibm.ws.transaction.services.UOWManagerObjectFactoryInfo@5a65909c
 =          javax.enterprise.inject.spi.BeanManager : com.ibm.ws.cdi.jndi.liberty.BeanManagerObjectFactoryInfo@e47bb40
 =          javax.transaction.UserTransaction : com.ibm.ws.transaction.services.TransactionObjectFactoryInfo@7bbc7784
 =          javax.transaction.TransactionSynchronizationRegistry : com.ibm.ws.transaction.services.TransactionSynchronizationRegistryObjectFactoryInfo@495ce451
 = 
 =    Registered Override Reference Factories : 
 = 
 =    Registered MetaDataListeners : 
 =       com.ibm.ws.cdi.impl.CDIContainerImpl@3fcb7c96
 = 
 =    isEmbeddable    : false
 = 
 = *** InjectionEngine Dump Complete ***
 = 
 = *** InjectionDiagnosticModule Dump Complete ***
+ Data for directive [Default] obtained. = 
==> Dump complete for com.ibm.ws.injectionengine.ffdc.InjectionDiagnosticModule  = Thu Apr 29 09:32:24 BRT 2021
