------Start of DE processing------ = [28/04/2021 21:45:45:165 BRT]
Exception = org.jboss.weld.exceptions.DeploymentException
Source = com.ibm.ws.container.service.state.internal.ApplicationStateManager
probeid = 54
Stack Dump = org.jboss.weld.exceptions.DeploymentException: WELD-001408: Unsatisfied dependencies for type WorkerService with qualifiers @Default
  at injection point [BackedAnnotatedField] @Inject private com.hscastro.resources.WorkerResource.serviceWorker
  at com.hscastro.resources.WorkerResource.serviceWorker(WorkerResource.java:0)

	at org.jboss.weld.bootstrap.Validator.validateInjectionPointForDeploymentProblems(Validator.java:378)
	at org.jboss.weld.bootstrap.Validator.validateInjectionPoint(Validator.java:290)
	at org.jboss.weld.bootstrap.Validator.validateGeneralBean(Validator.java:143)
	at org.jboss.weld.bootstrap.Validator.validateRIBean(Validator.java:164)
	at org.jboss.weld.bootstrap.Validator.validateBean(Validator.java:526)
	at org.jboss.weld.bootstrap.ConcurrentValidator$1.doWork(ConcurrentValidator.java:64)
	at org.jboss.weld.bootstrap.ConcurrentValidator$1.doWork(ConcurrentValidator.java:62)
	at org.jboss.weld.executor.IterativeWorkerTaskFactory$1.call(IterativeWorkerTaskFactory.java:62)
	at org.jboss.weld.executor.IterativeWorkerTaskFactory$1.call(IterativeWorkerTaskFactory.java:55)
	at java.base/java.util.concurrent.FutureTask.run(FutureTask.java:264)
	at java.base/java.util.concurrent.ThreadPoolExecutor.runWorker(ThreadPoolExecutor.java:1128)
	at java.base/java.util.concurrent.ThreadPoolExecutor$Worker.run(ThreadPoolExecutor.java:628)
	at java.base/java.lang.Thread.run(Thread.java:834)

Dump of callerThis
Object type = com.ibm.ws.container.service.state.internal.ApplicationStateManager
  serialVersionUID = -6685368059484454124
  $$$tc$$$ = class com.ibm.websphere.ras.TraceComponent@7e627975
    strings[0] = "TraceComponent[com.ibm.ws.container.service.state.internal.ApplicationStateManager,class com.ibm.ws.container.service.state.internal.ApplicationStateManager,[Runtime],null,null]"
  listeners = class com.ibm.wsspi.kernel.service.utils.ConcurrentServiceReferenceSet@7e5e9347
    referenceName = "applicationStateListeners"
    contextRef = class java.util.concurrent.atomic.AtomicReference@21ec19f8
      serialVersionUID = "/* Could not access serialVersionUID */"
      VALUE = "/* Could not access VALUE */"
      value = "/* Could not access value */"
    elementMap = class java.util.LinkedHashMap@27e5d455
      serialVersionUID = "/* Could not access serialVersionUID */"
      head = "/* Could not access head */"
      tail = "/* Could not access tail */"
      accessOrder = "/* Could not access accessOrder */"
      serialVersionUID = "/* Could not access serialVersionUID */"
      DEFAULT_INITIAL_CAPACITY = "/* Could not access DEFAULT_INITIAL_CAPACITY */"
      MAXIMUM_CAPACITY = "/* Could not access MAXIMUM_CAPACITY */"
      DEFAULT_LOAD_FACTOR = "/* Could not access DEFAULT_LOAD_FACTOR */"
      TREEIFY_THRESHOLD = "/* Could not access TREEIFY_THRESHOLD */"
      UNTREEIFY_THRESHOLD = "/* Could not access UNTREEIFY_THRESHOLD */"
      MIN_TREEIFY_CAPACITY = "/* Could not access MIN_TREEIFY_CAPACITY */"
      table = "/* Could not access table */"
      entrySet = "/* Could not access entrySet */"
      size = "/* Could not access size */"
      modCount = "/* Could not access modCount */"
      threshold = "/* Could not access threshold */"
      loadFactor = "/* Could not access loadFactor */"
      keySet = "/* Could not access keySet */"
      values = "/* Could not access values */"
    elementSet = class java.util.concurrent.ConcurrentSkipListSet@27d26805
      serialVersionUID = "/* Could not access serialVersionUID */"
      m = "/* Could not access m */"
      MAX_ARRAY_SIZE = "/* Could not access MAX_ARRAY_SIZE */"
    elementSetUnsorted = false
    serialVersionUID = 756240983881166148
    $$$tc$$$ = class com.ibm.websphere.ras.TraceComponent@13237f7b
      strings[0] = "TraceComponent[com.ibm.wsspi.kernel.service.utils.ConcurrentServiceReferenceSet,class com.ibm.wsspi.kernel.service.utils.ConcurrentServiceReferenceSet,[kernelUtils],com.ibm.ws.kernel.service.utils.resources.ServiceMessages,null]"
  serialVersionUID = 2284273176985484160
  $$$tc$$$ = class com.ibm.websphere.ras.TraceComponent@76b31dc4
    strings[0] = "TraceComponent[com.ibm.ws.container.service.state.internal.StateChangeManager,class com.ibm.ws.container.service.state.internal.StateChangeManager,[Runtime],null,null]"

Dump of objectArray[0]
Object type = com.ibm.ws.container.service.app.deploy.internal.ApplicationInfoImpl
  appName = "rh-worker"
  appMetaData = class com.ibm.ws.container.service.app.deploy.internal.ApplicationMetaDataImpl@6530ca27
    j2eeName = class com.ibm.ws.container.service.metadata.internal.J2EENameImpl@5389e10f
      serialVersionUID = 7488184044073147667
      application = "rh-worker"
      module = null
      component = null
      string = "rh-worker"
      j2eeNameBytes = null
      $$$tc$$$ = class com.ibm.websphere.ras.TraceComponent@5a8f2c0b
    serialVersionUID = -7906531148367236579
    $$$tc$$$ = class com.ibm.websphere.ras.TraceComponent@5618d332
      strings[0] = "TraceComponent[com.ibm.ws.container.service.app.deploy.internal.ApplicationMetaDataImpl,class com.ibm.ws.container.service.app.deploy.internal.ApplicationMetaDataImpl,[container.service],com.ibm.ws.container.service.resources.Messages,null]"
    tc = class com.ibm.websphere.ras.TraceComponent@f91137f
      strings[0] = "TraceComponent[com.ibm.ws.runtime.metadata.MetaDataImpl,class com.ibm.ws.runtime.metadata.MetaDataImpl,[Runtime],null,null]"
    NUM_STATIC_SLOTS = 4
    ID_UNINITIALIZED = -1
    id = 0
    metaDataInterface = class java.lang.Class@18b372a1
      ANNOTATION = "/* Could not access ANNOTATION */"
      ENUM = "/* Could not access ENUM */"
      SYNTHETIC = "/* Could not access SYNTHETIC */"
      cachedConstructor = "/* Could not access cachedConstructor */"
      newInstanceCallerCache = "/* Could not access newInstanceCallerCache */"
      name = "/* Could not access name */"
      module = "/* Could not access module */"
      packageName = "/* Could not access packageName */"
      componentType = "/* Could not access componentType */"
      allPermDomain = "/* Could not access allPermDomain */"
      reflectionData = "/* Could not access reflectionData */"
      classRedefinedCount = "/* Could not access classRedefinedCount */"
      genericInfo = "/* Could not access genericInfo */"
      EMPTY_CLASS_ARRAY = "/* Could not access EMPTY_CLASS_ARRAY */"
      serialVersionUID = "/* Could not access serialVersionUID */"
      serialPersistentFields = "/* Could not access serialPersistentFields */"
      reflectionFactory = "/* Could not access reflectionFactory */"
      enumConstants = "/* Could not access enumConstants */"
      enumConstantDirectory = "/* Could not access enumConstantDirectory */"
      annotationData = "/* Could not access annotationData */"
      annotationType = "/* Could not access annotationType */"
      classValueMap = "/* Could not access classValueMap */"
    staticSlots = class java.lang.Object[4]
      Object[0] = class com.ibm.ws.cdi.impl.weld.WebSphereCDIDeploymentImpl@5ea2b90c
      Object[1] = class com.ibm.ws.injectionengine.osgi.internal.OSGiInjectionScopeData@12ba6d1b
      Object[2] = "rh-worker"
      Object[3] = null
    dynamicSlots = null
  appContainer = class com.ibm.ws.adaptable.module.internal.AdaptableContainerImpl@16e0ae2a
    root = class com.ibm.ws.adaptable.module.internal.AdaptableContainerImpl@16e0ae2a
    rootOverlay = class com.ibm.ws.artifact.overlay.internal.DirectoryBasedOverlayContainerImpl@18272b5
      base = class com.ibm.ws.artifact.loose.internal.LooseArchive@6732ebcb
      maskSet = class java.util.HashSet@1836605
      cfHolder = class com.ibm.ws.artifact.overlay.internal.OverlayContainerFactoryImpl@19f86533
      fileOverlayContainer = class com.ibm.ws.artifact.file.internal.FileContainer@70bcccd1
      overlayDirectory = class java.io.File@561074e
      cacheDirForOverlay = class java.io.File@75fdd89a
      overlayNotifier = class com.ibm.ws.artifact.overlay.internal.DirectoryBasedOverlayNotifier@5b544e0
      enclosingContainer = null
      entryInEnclosingContainer = null
      nestedOverlays = class java.util.concurrent.ConcurrentHashMap@6f543b6e
      cacheStore = class com.ibm.ws.artifact.overlay.internal.OverlayCache@7918b811
      parentOverlay = null
      isPassThroughMode = true
      serialVersionUID = -6650153487216279998
      $$$tc$$$ = class com.ibm.websphere.ras.TraceComponent@56ce641f
    factoryHolder = class com.ibm.ws.adaptable.module.internal.AdaptableModuleFactoryImpl@63a59070
      adapterFactoryService = class com.ibm.ws.adaptable.module.internal.AdapterFactoryServiceImpl@5840ed87
      containerFactory = class com.ibm.ws.artifact.internal.ArtifactContainerFactoryService@5259dcad
      overlayContainerFactory = class com.ibm.ws.artifact.overlay.internal.OverlayContainerFactoryImpl@19f86533
      serialVersionUID = 4200251809856292987
      $$$tc$$$ = class com.ibm.websphere.ras.TraceComponent@12f7407b
    delegate = class com.ibm.ws.artifact.overlay.internal.DirectoryBasedOverlayContainerImpl@18272b5
    notifier = class com.ibm.ws.adaptable.module.internal.NotifierImpl@f51e533
      root = class com.ibm.ws.adaptable.module.internal.AdaptableContainerImpl@16e0ae2a
      delegateNotifier = class com.ibm.ws.artifact.overlay.internal.DirectoryBasedOverlayNotifier@5b544e0
      delegateRoot = class com.ibm.ws.artifact.overlay.internal.DirectoryBasedOverlayContainerImpl@18272b5
      listenerDelegates = class java.util.HashMap@3e8e5b58
      serialVersionUID = 6839382523957017880
      $$$tc$$$ = class com.ibm.websphere.ras.TraceComponent@52e59112
    serialVersionUID = -5950528200509051684
    $$$tc$$$ = class com.ibm.websphere.ras.TraceComponent@2e660cdb
      strings[0] = "TraceComponent[com.ibm.ws.adaptable.module.internal.AdaptableContainerImpl,class com.ibm.ws.adaptable.module.internal.AdaptableContainerImpl,[archive.adaptable],null,null]"
  configHelper = class com.ibm.ws.app.manager.module.ApplicationNestedConfigHelper@519604c4
    appInfo = class com.ibm.ws.app.manager.internal.ApplicationInstallInfo@1c5f916e
    serialVersionUID = -3174031738676705046
    $$$tc$$$ = class com.ibm.websphere.ras.TraceComponent@748f0040
      strings[0] = "TraceComponent[com.ibm.ws.app.manager.module.ApplicationNestedConfigHelper,class com.ibm.ws.app.manager.module.ApplicationNestedConfigHelper,[applications, app.manager],null,null]"
  applicationInformation = class com.ibm.ws.app.manager.internal.ApplicationInstallInfo@1c5f916e
    _config = class com.ibm.ws.app.manager.internal.ApplicationConfig@75e6c80
      tc = class com.ibm.websphere.ras.TraceComponent@6f79d68b
      _configPid = "com.ibm.ws.app.manager_9"
      _config = class com.ibm.ws.config.admin.ConfigurationDictionary@5d90c0b4
      _applicationManager = class com.ibm.ws.app.manager.ApplicationManager@c86fd2b
      _location = "rh-worker.war"
      _type = "war"
      _name = "rh-worker"
      _notificationBroadcasterSupport = class javax.management.NotificationBroadcasterSupport@6f87b129
      ONE_TIME_JANDEX_MSGS_DISPLAYED = true
      serialVersionUID = -2151423388299667431
    _handlerInfo = class java.util.concurrent.atomic.AtomicReference@645cffbe
      serialVersionUID = "/* Could not access serialVersionUID */"
      VALUE = "/* Could not access VALUE */"
      value = "/* Could not access value */"
    _container = class java.util.concurrent.atomic.AtomicReference@58d67d5
      serialVersionUID = "/* Could not access serialVersionUID */"
      VALUE = "/* Could not access VALUE */"
      value = "/* Could not access value */"
    _resolvedLocation = class java.util.concurrent.atomic.AtomicReference@65b952eb
      serialVersionUID = "/* Could not access serialVersionUID */"
      VALUE = "/* Could not access VALUE */"
      value = "/* Could not access value */"
    _handler = class com.ibm.ws.app.manager.war.internal.WARApplicationHandlerImpl@117718b0
      futureMonitor = class com.ibm.ws.threading.internal.FutureMonitorImpl@71e76ae9
      deployedAppFactory = class com.ibm.ws.app.manager.war.internal.WARDeployedAppInfoFactoryImpl@719f619b
      serialVersionUID = 4622845147410944782
      $$$tc$$$ = class com.ibm.websphere.ras.TraceComponent@4ead3931
    _ami = class java.util.concurrent.atomic.AtomicReference@1255b42f
      serialVersionUID = "/* Could not access serialVersionUID */"
      VALUE = "/* Could not access VALUE */"
      value = "/* Could not access value */"
    _updateHandler = class com.ibm.ws.app.manager.internal.statemachine.ApplicationStateMachineImpl@7c88da7f
      _tc = class com.ibm.websphere.ras.TraceComponent@779399a5
      EMPTY_FUTURE_ARRAY = interface java.util.concurrent.Future[0]
      asmSequenceNumber = class java.util.concurrent.atomic.AtomicLong@586b11a2
      _qscaCounter = class java.util.concurrent.atomic.AtomicInteger@798f3fd
      _failedThrowable = null
      _interruptibleLock = class com.ibm.ws.app.manager.internal.statemachine.ApplicationStateMachineImpl$2@1bb8fb17
      _interruptible = false
      _performingQueuedActions = true
      _queuedActions = class java.util.concurrent.ConcurrentLinkedQueue@41553b2b
      _callbackState = class java.util.concurrent.atomic.AtomicReference@1922fe7
      blockAppStartingFutures = class java.util.Collections$SetFromMap@5dae1c81
      waitingForAppHandlerFuture = class java.util.concurrent.atomic.AtomicReference@2e7a52e
      waitingForExplicitStartFuture = class java.util.concurrent.atomic.AtomicReference@6a835a3a
      startAfterFutures = class java.util.Collections$SetFromMap@7a7ead9a
      completionListener = class java.util.concurrent.atomic.AtomicReference@5799fc40
      _notifyAppStopped = class java.util.concurrent.ConcurrentLinkedQueue@68e8fd48
      _notifyAppStarting = class java.util.concurrent.ConcurrentLinkedQueue@18ca28e5
      _notifyAppInstallCalled = class java.util.concurrent.ConcurrentLinkedQueue@1757441b
      _notifyAppStarted = class java.util.concurrent.ConcurrentLinkedQueue@f34d14d
      _notifyAppRemoved = class java.util.concurrent.ConcurrentLinkedQueue@20197f5e
      _stateLock = class com.ibm.ws.app.manager.internal.statemachine.ApplicationStateMachineImpl$3@69dde6b8
      _internalState = class java.util.concurrent.atomic.AtomicReference@44871004
      _currentAction = class java.util.concurrent.atomic.AtomicReference@6d100f60
      _rfa = class java.util.concurrent.atomic.AtomicReference@6987e13
      _appInstallInfo = class java.util.concurrent.atomic.AtomicReference@76a05e
      _update = class java.util.concurrent.atomic.AtomicBoolean@7c8d8764
      _appConfig = class java.util.concurrent.atomic.AtomicReference@118bec9a
      _nextAppConfig = class java.util.concurrent.atomic.AtomicReference@54a6605e
      _appContainer = class java.util.concurrent.atomic.AtomicReference@61e74ec4
      _resolvedLocation = class java.util.concurrent.atomic.AtomicReference@7141533b
      _handler = class java.util.concurrent.atomic.AtomicReference@3fe08eb5
      _asmSeqNo = 1
      _ctx = class org.eclipse.osgi.internal.framework.BundleContextImpl@84d8991
      _locAdmin = class com.ibm.ws.kernel.service.location.internal.WsLocationAdminImpl@3e94929
      _futureMonitor = class com.ibm.ws.threading.internal.FutureMonitorImpl@71e76ae9
      _artifactFactory = class com.ibm.ws.artifact.internal.ArtifactContainerFactoryService@5259dcad
      _moduleFactory = class com.ibm.ws.adaptable.module.internal.AdaptableModuleFactoryImpl@63a59070
      _executorService = class com.ibm.ws.threading.internal.ExecutorServiceImpl@784a1ae4
      _scheduledExecutorService = class com.ibm.ws.threading.internal.ScheduledExecutorImpl@43e4a67e
      _asmHelper = class com.ibm.ws.app.manager.internal.ApplicationConfigurator$NamedApplication@6c9eebdc
      _appMonitor = class com.ibm.ws.app.manager.internal.monitor.ApplicationMonitor@66ee400
      enterStateCalled = class java.util.concurrent.atomic.AtomicBoolean@4f8745e5
      serialVersionUID = 7990273947104993494
      serialVersionUID = 300267208965883056
      $$$tc$$$ = class com.ibm.websphere.ras.TraceComponent@24738402
    serialVersionUID = 2630639237123415755
    $$$tc$$$ = class com.ibm.websphere.ras.TraceComponent@5c7755cd
      strings[0] = "TraceComponent[com.ibm.ws.app.manager.internal.ApplicationInstallInfo,class com.ibm.ws.app.manager.internal.ApplicationInstallInfo,[applications, app.manager],com.ibm.ws.app.manager.internal.resources.AppManagerMessages,null]"
  serialVersionUID = 5227817860647895780
  $$$tc$$$ = class com.ibm.websphere.ras.TraceComponent@587d7850
    strings[0] = "TraceComponent[com.ibm.ws.container.service.app.deploy.internal.ApplicationInfoImpl,class com.ibm.ws.container.service.app.deploy.internal.ApplicationInfoImpl,[container.service],com.ibm.ws.container.service.resources.Messages,null]"

