********************************************************************************
product = Open Liberty 21.0.0.5 (wlp-1.0.52.cl210520210510-1231)
wlp.install.dir = /home/halyson/eclipse-workspace-ee/microprofile-example/rh-worker/target/liberty/wlp/
java.home = /usr/lib/jvm/zulu-11-amd64
java.version = 11.0.8
java.runtime = OpenJDK Runtime Environment (11.0.8+10-LTS)
os = Linux (5.8.0-53-generic; amd64) (pt_BR)
process = 14181@halyson-NH4CU03
********************************************************************************
[23/05/2021 16:59:07:134 BRT] 00000001 com.ibm.ws.kernel.launch.internal.FrameworkManager           A CWWKE0001I: O servidor defaultServer foi ativado.
[23/05/2021 16:59:08:903 BRT] 00000017 com.ibm.ws.config.xml.internal.ServerXMLConfiguration        A CWWKG0093A: Processamento do recurso de drop-ins da configuração: /home/halyson/eclipse-workspace-ee/microprofile-example/rh-worker/target/liberty/wlp/usr/servers/defaultServer/configDropins/defaults/install_apps_configuration_1491924271.xml
[23/05/2021 16:59:09:037 BRT] 00000017 com.ibm.ws.config.xml.internal.ServerXMLConfiguration        A CWWKG0093A: Processamento do recurso de drop-ins da configuração: /home/halyson/eclipse-workspace-ee/microprofile-example/rh-worker/target/liberty/wlp/usr/servers/defaultServer/configDropins/overrides/liberty-plugin-variable-config.xml
[23/05/2021 16:59:09:600 BRT] 00000001 com.ibm.ws.kernel.launch.internal.FrameworkManager           I CWWKE0002I: O kernel foi iniciado após 3,305 segundos
[23/05/2021 16:59:09:655 BRT] 00000022 com.ibm.ws.kernel.feature.internal.FeatureManager            I CWWKF0007I: Atualização do recurso iniciada.
[23/05/2021 16:59:10:097 BRT] 00000019 .apache.cxf.cxf.core.3.2:1.0.52.cl210520210510-1231(id=137)] I Aries Blueprint packages not available. So namespaces will not be registered
[23/05/2021 16:59:10:101 BRT] 0000001a .apache.cxf.cxf.core.3.2:1.0.52.cl210520210510-1231(id=137)] I Aries Blueprint packages not available. So namespaces will not be registered
[23/05/2021 16:59:10:505 BRT] 0000001a com.ibm.ws.app.manager.internal.monitor.DropinMonitor        A CWWKZ0058I: Monitorando dropins para aplicativos.
[23/05/2021 16:59:13:567 BRT] 00000026 com.ibm.ws.app.manager.AppMessageHelper                      W CWWKZ0014W: O aplicativo guide-rest-intro não pôde ser iniciado pois ele não poderá ser localizado no local guide-rest-intro.war.
[23/05/2021 16:59:13:665 BRT] 00000027 com.ibm.ws.app.manager.AppMessageHelper                      I CWWKZ0018I: Iniciando o aplicativo rh-worker.
[23/05/2021 16:59:13:668 BRT] 00000027 bm.ws.app.manager.war.internal.WARDeployedAppInfoFactoryImpl I CWWKZ0134I: O aplicativo rh-worker está usando a definição de aplicativo indefinido no local /home/halyson/eclipse-workspace-ee/microprofile-example/rh-worker/target/liberty/wlp/usr/servers/defaultServer/apps/rh-worker.war.xml.
[23/05/2021 16:59:15:008 BRT] 00000027 com.ibm.ws.session.WASSessionCore                            I SESN8501I: O gerenciador de sessões não localizou um local de armazenamento persistente; objetos HttpSession serão armazenados na memória do servidor de aplicativos local.
[23/05/2021 16:59:15:269 BRT] 00000027 org.jboss.weld.Version                                       I WELD-000900: 3.1.4 (Final)
[23/05/2021 16:59:17:575 BRT] 00000027 m.ws.microprofile.rest.client.cdi.LibertyRestClientExtension I CWWKW0750I: As interfaces a seguir foram configuradas como RequestScoped, o que resultará em desempenho mais lento:  Considere usar ApplicationScoped para obter melhor desempenho.
[23/05/2021 16:59:17:607 BRT] 00000027 com.ibm.ws.webcontainer.osgi.webapp.WebGroup                 I SRVE0169I: Carregando o Módulo da Web: rh-worker.
[23/05/2021 16:59:17:624 BRT] 00000027 com.ibm.ws.webcontainer                                      I SRVE0250I: O Módulo da Web rh-worker foi ligado ao default_host.
[23/05/2021 16:59:17:626 BRT] 00000027 com.ibm.ws.http.internal.VirtualHostImpl                     A CWWKT0016I: Aplicativo da Web disponível (default_host): http://192.168.40.185:9085/rh-worker/
[23/05/2021 16:59:17:717 BRT] 00000025 com.ibm.ws.session.WASSessionCore                            I SESN0176I: Um novo contexto de sessão será criado para a chave do aplicativo default_host/rh-worker
[23/05/2021 16:59:17:747 BRT] 00000025 com.ibm.ws.util                                              I SESN0172I: O gerenciador de sessões está usando a implementação SecureRandom padrão Java para geração do ID de sessão.
[23/05/2021 16:59:17:767 BRT] 00000029 com.ibm.ws.webcontainer.osgi.mbeans.PluginGenerator          I SRVE9103I: Um arquivo de configuração para um plug-in de servidor da web foi automaticamente gerado para este servidor em /home/halyson/eclipse-workspace-ee/microprofile-example/rh-worker/target/liberty/wlp/usr/servers/defaultServer/logs/state/plugin-cfg.xml.
[23/05/2021 16:59:17:868 BRT] 00000025 com.ibm.ws.app.manager.AppMessageHelper                      A CWWKZ0001I: O aplicativo rh-worker foi iniciado em 4,204 segundos.
[23/05/2021 16:59:17:919 BRT] 00000022 com.ibm.ws.tcpchannel.internal.TCPPort                       I CWWKO0219I: O Canal TCP defaultHttpEndpoint foi iniciado e agora está atendendo solicitações no host *  (IPv6) porta 9085.
[23/05/2021 16:59:17:957 BRT] 00000022 com.ibm.ws.kernel.feature.internal.FeatureManager            A CWWKF0012I: O servidor instalou os recursos a seguir: [cdi-2.0, jaxrs-2.1, jaxrsClient-2.1, jndi-1.0, jsonp-1.1, mpConfig-1.4, mpRestClient-1.4, servlet-4.0].
[23/05/2021 16:59:17:958 BRT] 00000022 com.ibm.ws.kernel.feature.internal.FeatureManager            I CWWKF0008I: Atualização do recurso concluída em 8,363 segundos.
[23/05/2021 16:59:17:959 BRT] 00000022 com.ibm.ws.kernel.feature.internal.FeatureManager            A CWWKF0011I: O servidor defaultServer está pronto para gerenciar um planeta mais inteligente. O servidor defaultServer foi iniciado em 11,688 segundos.
[23/05/2021 16:59:23:447 BRT] 00000029 com.ibm.ws.http.internal.VirtualHostImpl                     A CWWKT0017I: Aplicativo da Web removido (default_host): http://192.168.40.185:9085/rh-worker/
[23/05/2021 16:59:23:613 BRT] 00000029 com.ibm.ws.app.manager.AppMessageHelper                      A CWWKZ0009I: O aplicativo rh-worker foi interrompido com sucesso.
[23/05/2021 16:59:23:653 BRT] 00000029 com.ibm.ws.app.manager.AppMessageHelper                      I CWWKZ0018I: Iniciando o aplicativo rh-worker.
[23/05/2021 16:59:23:654 BRT] 00000029 bm.ws.app.manager.war.internal.WARDeployedAppInfoFactoryImpl I CWWKZ0134I: O aplicativo rh-worker está usando a definição de aplicativo indefinido no local /home/halyson/eclipse-workspace-ee/microprofile-example/rh-worker/target/liberty/wlp/usr/servers/defaultServer/apps/rh-worker.war.xml.
[23/05/2021 16:59:24:460 BRT] 00000029 m.ws.microprofile.rest.client.cdi.LibertyRestClientExtension I CWWKW0750I: As interfaces a seguir foram configuradas como RequestScoped, o que resultará em desempenho mais lento:  Considere usar ApplicationScoped para obter melhor desempenho.
[23/05/2021 16:59:24:504 BRT] 00000029 com.ibm.ws.webcontainer.osgi.webapp.WebGroup                 I SRVE0169I: Carregando o Módulo da Web: rh-worker.
[23/05/2021 16:59:24:505 BRT] 00000029 com.ibm.ws.webcontainer                                      I SRVE0250I: O Módulo da Web rh-worker foi ligado ao default_host.
[23/05/2021 16:59:24:506 BRT] 00000029 com.ibm.ws.http.internal.VirtualHostImpl                     A CWWKT0016I: Aplicativo da Web disponível (default_host): http://192.168.40.185:9085/rh-worker/
[23/05/2021 16:59:24:516 BRT] 00000025 com.ibm.ws.session.WASSessionCore                            I SESN0176I: Um novo contexto de sessão será criado para a chave do aplicativo default_host/rh-worker
[23/05/2021 16:59:24:517 BRT] 00000025 com.ibm.ws.util                                              I SESN0172I: O gerenciador de sessões está usando a implementação SecureRandom padrão Java para geração do ID de sessão.
[23/05/2021 16:59:24:523 BRT] 00000025 com.ibm.ws.app.manager.AppMessageHelper                      A CWWKZ0003I: O aplicativo rh-worker foi atualizado em 0,870 segundos.
[23/05/2021 16:59:24:872 BRT] 00000024 com.ibm.ws.webcontainer.osgi.mbeans.PluginGenerator          I SRVE9103I: Um arquivo de configuração para um plug-in de servidor da web foi automaticamente gerado para este servidor em /home/halyson/eclipse-workspace-ee/microprofile-example/rh-worker/target/liberty/wlp/usr/servers/defaultServer/logs/state/plugin-cfg.xml.
[23/05/2021 16:59:24:993 BRT] 00000022 com.ibm.ws.webcontainer.osgi.mbeans.PluginGenerator          I SRVE9103I: Um arquivo de configuração para um plug-in de servidor da web foi automaticamente gerado para este servidor em /home/halyson/eclipse-workspace-ee/microprofile-example/rh-worker/target/liberty/wlp/usr/servers/defaultServer/logs/state/plugin-cfg.xml.
[23/05/2021 17:00:18:143 BRT] 00000023 .apache.cxf.cxf.core.3.2:1.0.52.cl210520210510-1231(id=137)] I Setting the server's publish address to be /
[23/05/2021 17:00:18:389 BRT] 00000023 com.ibm.ws.webcontainer.servlet                              I SRVE0242I: [rh-worker] [/rh-worker] [com.hscastro.WorkerApplication]: Inicialização bem sucedida.
[23/05/2021 17:01:37:624 BRT] 00000029 com.ibm.ws.http.internal.VirtualHostImpl                     A CWWKT0017I: Aplicativo da Web removido (default_host): http://192.168.40.185:9085/rh-worker/
[23/05/2021 17:01:37:630 BRT] 00000029 com.ibm.ws.webcontainer.servlet                              I SRVE0253I: [rh-worker] [/rh-worker] [com.hscastro.WorkerApplication]: Destruição bem sucedida.
[23/05/2021 17:01:37:647 BRT] 00000029 com.ibm.ws.app.manager.AppMessageHelper                      A CWWKZ0009I: O aplicativo rh-worker foi interrompido com sucesso.
[23/05/2021 17:01:37:657 BRT] 00000029 com.ibm.ws.app.manager.AppMessageHelper                      I CWWKZ0018I: Iniciando o aplicativo rh-worker.
[23/05/2021 17:01:37:657 BRT] 00000029 bm.ws.app.manager.war.internal.WARDeployedAppInfoFactoryImpl I CWWKZ0134I: O aplicativo rh-worker está usando a definição de aplicativo indefinido no local /home/halyson/eclipse-workspace-ee/microprofile-example/rh-worker/target/liberty/wlp/usr/servers/defaultServer/apps/rh-worker.war.xml.
[23/05/2021 17:01:37:855 BRT] 00000023 com.ibm.ws.webcontainer.osgi.mbeans.PluginGenerator          I SRVE9103I: Um arquivo de configuração para um plug-in de servidor da web foi automaticamente gerado para este servidor em /home/halyson/eclipse-workspace-ee/microprofile-example/rh-worker/target/liberty/wlp/usr/servers/defaultServer/logs/state/plugin-cfg.xml.
[23/05/2021 17:01:38:487 BRT] 00000029 m.ws.microprofile.rest.client.cdi.LibertyRestClientExtension I CWWKW0750I: As interfaces a seguir foram configuradas como RequestScoped, o que resultará em desempenho mais lento:  Considere usar ApplicationScoped para obter melhor desempenho.
[23/05/2021 17:01:38:533 BRT] 00000029 com.ibm.ws.webcontainer.osgi.webapp.WebGroup                 I SRVE0169I: Carregando o Módulo da Web: rh-worker.
[23/05/2021 17:01:38:534 BRT] 00000029 com.ibm.ws.webcontainer                                      I SRVE0250I: O Módulo da Web rh-worker foi ligado ao default_host.
[23/05/2021 17:01:38:534 BRT] 00000029 com.ibm.ws.http.internal.VirtualHostImpl                     A CWWKT0016I: Aplicativo da Web disponível (default_host): http://192.168.40.185:9085/rh-worker/
[23/05/2021 17:01:38:538 BRT] 00000022 com.ibm.ws.session.WASSessionCore                            I SESN0176I: Um novo contexto de sessão será criado para a chave do aplicativo default_host/rh-worker
[23/05/2021 17:01:38:539 BRT] 00000022 com.ibm.ws.util                                              I SESN0172I: O gerenciador de sessões está usando a implementação SecureRandom padrão Java para geração do ID de sessão.
[23/05/2021 17:01:38:546 BRT] 00000022 com.ibm.ws.app.manager.AppMessageHelper                      A CWWKZ0003I: O aplicativo rh-worker foi atualizado em 0,888 segundos.
[23/05/2021 17:01:39:070 BRT] 00000024 com.ibm.ws.webcontainer.osgi.mbeans.PluginGenerator          I SRVE9103I: Um arquivo de configuração para um plug-in de servidor da web foi automaticamente gerado para este servidor em /home/halyson/eclipse-workspace-ee/microprofile-example/rh-worker/target/liberty/wlp/usr/servers/defaultServer/logs/state/plugin-cfg.xml.
[23/05/2021 17:01:42:463 BRT] 00000024 .apache.cxf.cxf.core.3.2:1.0.52.cl210520210510-1231(id=137)] I Setting the server's publish address to be /
[23/05/2021 17:01:42:485 BRT] 00000024 com.ibm.ws.webcontainer.servlet                              I SRVE0242I: [rh-worker] [/rh-worker] [com.hscastro.WorkerApplication]: Inicialização bem sucedida.
[23/05/2021 17:44:47:078 BRT] 0000003d com.ibm.ws.http.internal.VirtualHostImpl                     A CWWKT0017I: Aplicativo da Web removido (default_host): http://192.168.40.185:9085/rh-worker/
[23/05/2021 17:44:47:085 BRT] 0000003d com.ibm.ws.webcontainer.servlet                              I SRVE0253I: [rh-worker] [/rh-worker] [com.hscastro.WorkerApplication]: Destruição bem sucedida.
[23/05/2021 17:44:47:138 BRT] 0000003d com.ibm.ws.app.manager.AppMessageHelper                      A CWWKZ0009I: O aplicativo rh-worker foi interrompido com sucesso.
[23/05/2021 17:44:47:158 BRT] 0000003d com.ibm.ws.app.manager.AppMessageHelper                      I CWWKZ0018I: Iniciando o aplicativo rh-worker.
[23/05/2021 17:44:47:162 BRT] 0000003d bm.ws.app.manager.war.internal.WARDeployedAppInfoFactoryImpl I CWWKZ0134I: O aplicativo rh-worker está usando a definição de aplicativo indefinido no local /home/halyson/eclipse-workspace-ee/microprofile-example/rh-worker/target/liberty/wlp/usr/servers/defaultServer/apps/rh-worker.war.xml.
[23/05/2021 17:44:47:291 BRT] 00000027 com.ibm.ws.webcontainer.osgi.mbeans.PluginGenerator          I SRVE9103I: Um arquivo de configuração para um plug-in de servidor da web foi automaticamente gerado para este servidor em /home/halyson/eclipse-workspace-ee/microprofile-example/rh-worker/target/liberty/wlp/usr/servers/defaultServer/logs/state/plugin-cfg.xml.
[23/05/2021 17:44:47:582 BRT] 0000003d m.ws.microprofile.rest.client.cdi.LibertyRestClientExtension I CWWKW0750I: As interfaces a seguir foram configuradas como RequestScoped, o que resultará em desempenho mais lento:  Considere usar ApplicationScoped para obter melhor desempenho.
[23/05/2021 17:44:47:604 BRT] 0000003d com.ibm.ws.webcontainer.osgi.webapp.WebGroup                 I SRVE0169I: Carregando o Módulo da Web: rh-worker.
[23/05/2021 17:44:47:608 BRT] 0000003d com.ibm.ws.webcontainer                                      I SRVE0250I: O Módulo da Web rh-worker foi ligado ao default_host.
[23/05/2021 17:44:47:608 BRT] 0000003d com.ibm.ws.http.internal.VirtualHostImpl                     A CWWKT0016I: Aplicativo da Web disponível (default_host): http://192.168.40.185:9085/rh-worker/
[23/05/2021 17:44:47:614 BRT] 00000026 com.ibm.ws.session.WASSessionCore                            I SESN0176I: Um novo contexto de sessão será criado para a chave do aplicativo default_host/rh-worker
[23/05/2021 17:44:47:615 BRT] 00000026 com.ibm.ws.util                                              I SESN0172I: O gerenciador de sessões está usando a implementação SecureRandom padrão Java para geração do ID de sessão.
[23/05/2021 17:44:47:621 BRT] 00000026 com.ibm.ws.app.manager.AppMessageHelper                      A CWWKZ0003I: O aplicativo rh-worker foi atualizado em 0,462 segundos.
[23/05/2021 17:44:47:715 BRT] 0000003d com.ibm.ws.webcontainer.osgi.mbeans.PluginGenerator          I SRVE9103I: Um arquivo de configuração para um plug-in de servidor da web foi automaticamente gerado para este servidor em /home/halyson/eclipse-workspace-ee/microprofile-example/rh-worker/target/liberty/wlp/usr/servers/defaultServer/logs/state/plugin-cfg.xml.
[23/05/2021 17:44:48:136 BRT] 00000028 com.ibm.ws.http.internal.VirtualHostImpl                     A CWWKT0017I: Aplicativo da Web removido (default_host): http://192.168.40.185:9085/rh-worker/
[23/05/2021 17:44:48:148 BRT] 00000028 com.ibm.ws.app.manager.AppMessageHelper                      A CWWKZ0009I: O aplicativo rh-worker foi interrompido com sucesso.
[23/05/2021 17:44:48:154 BRT] 00000028 com.ibm.ws.app.manager.AppMessageHelper                      I CWWKZ0018I: Iniciando o aplicativo rh-worker.
[23/05/2021 17:44:48:155 BRT] 00000028 bm.ws.app.manager.war.internal.WARDeployedAppInfoFactoryImpl I CWWKZ0134I: O aplicativo rh-worker está usando a definição de aplicativo indefinido no local /home/halyson/eclipse-workspace-ee/microprofile-example/rh-worker/target/liberty/wlp/usr/servers/defaultServer/apps/rh-worker.war.xml.
[23/05/2021 17:44:48:260 BRT] 0000003d com.ibm.ws.webcontainer.osgi.mbeans.PluginGenerator          I SRVE9103I: Um arquivo de configuração para um plug-in de servidor da web foi automaticamente gerado para este servidor em /home/halyson/eclipse-workspace-ee/microprofile-example/rh-worker/target/liberty/wlp/usr/servers/defaultServer/logs/state/plugin-cfg.xml.
[23/05/2021 17:44:48:443 BRT] 00000028 m.ws.microprofile.rest.client.cdi.LibertyRestClientExtension I CWWKW0750I: As interfaces a seguir foram configuradas como RequestScoped, o que resultará em desempenho mais lento:  Considere usar ApplicationScoped para obter melhor desempenho.
[23/05/2021 17:44:48:453 BRT] 00000028 com.ibm.ws.webcontainer.osgi.webapp.WebGroup                 I SRVE0169I: Carregando o Módulo da Web: rh-worker.
[23/05/2021 17:44:48:453 BRT] 00000028 com.ibm.ws.webcontainer                                      I SRVE0250I: O Módulo da Web rh-worker foi ligado ao default_host.
[23/05/2021 17:44:48:453 BRT] 00000028 com.ibm.ws.http.internal.VirtualHostImpl                     A CWWKT0016I: Aplicativo da Web disponível (default_host): http://192.168.40.185:9085/rh-worker/
[23/05/2021 17:44:48:461 BRT] 0000003d com.ibm.ws.session.WASSessionCore                            I SESN0176I: Um novo contexto de sessão será criado para a chave do aplicativo default_host/rh-worker
[23/05/2021 17:44:48:462 BRT] 0000003d com.ibm.ws.util                                              I SESN0172I: O gerenciador de sessões está usando a implementação SecureRandom padrão Java para geração do ID de sessão.
[23/05/2021 17:44:48:467 BRT] 0000003d com.ibm.ws.app.manager.AppMessageHelper                      A CWWKZ0003I: O aplicativo rh-worker foi atualizado em 0,312 segundos.
[23/05/2021 17:44:48:561 BRT] 00000028 com.ibm.ws.webcontainer.osgi.mbeans.PluginGenerator          I SRVE9103I: Um arquivo de configuração para um plug-in de servidor da web foi automaticamente gerado para este servidor em /home/halyson/eclipse-workspace-ee/microprofile-example/rh-worker/target/liberty/wlp/usr/servers/defaultServer/logs/state/plugin-cfg.xml.
[23/05/2021 17:52:16:806 BRT] 00000027 .apache.cxf.cxf.core.3.2:1.0.52.cl210520210510-1231(id=137)] I Setting the server's publish address to be /
[23/05/2021 17:52:16:825 BRT] 00000027 com.ibm.ws.webcontainer.servlet                              I SRVE0242I: [rh-worker] [/rh-worker] [com.hscastro.WorkerApplication]: Inicialização bem sucedida.
[23/05/2021 18:13:34:396 BRT] 00000026 org.apache.cxf.jaxrs.utils.InjectionUtils                    E Class java.lang.Long can not be instantiated using a constructor with a single String argument
[23/05/2021 18:40:44:013 BRT] 00000012 com.ibm.ws.kernel.launch.internal.FrameworkManager           A CWWKE0085I: O servidor defaultServer está parando porque a JVM está saindo.
[23/05/2021 18:40:44:031 BRT] 0000004b com.ibm.ws.runtime.update.internal.RuntimeUpdateManagerImpl  A CWWKE1100I: Aguardando até 30 segundos para o servidor ser colocado em modo quiesce.
[23/05/2021 18:40:44:068 BRT] 00000047 com.ibm.ws.tcpchannel.internal.TCPChannel                    I CWWKO0220I: O Canal TCP defaultHttpEndpoint interrompeu o atendimento das solicitações no host *  (IPv6) porta 9085.
[23/05/2021 18:40:44:079 BRT] 00000047 com.ibm.ws.http.internal.VirtualHostImpl                     A CWWKT0017I: Aplicativo da Web removido (default_host): http://192.168.40.185:9085/rh-worker/
[23/05/2021 18:40:44:092 BRT] 0000004b com.ibm.ws.runtime.update.internal.RuntimeUpdateManagerImpl  I CWWKE1101I: Colocação em modo quiesce do servidor concluída.
[23/05/2021 18:40:44:157 BRT] 00000028 com.ibm.ws.app.manager.AppMessageHelper                      A CWWKZ0009I: O aplicativo rh-worker foi interrompido com sucesso.
[23/05/2021 18:40:44:659 BRT] 00000013 com.ibm.ws.kernel.launch.internal.ServerCommandListener      A CWWKE0055I: Encerramento do servidor solicitado em domingo, 23 de maio de 2021 às 18:40. O servidor defaultServer está sendo encerrado.
[23/05/2021 18:40:45:849 BRT] 00000001 com.ibm.ws.kernel.launch.internal.FrameworkManager           A CWWKE0036I: O servidor defaultServer foi interrompido depois de 1 horas, 41 minutos, 39,577 segundos.
